<?xml version="1.0" encoding="UTF-8"?>
<!-- Generated by org.testng.reporters.JUnitReportReporter -->
<testsuite hostname="TestTriangle" name="Main.PageObjectModelTest" tests="1" failures="0" timestamp="12 Nov 2015 17:16:25 GMT" time="60.133" errors="0">
  <testcase name="test1" time="60.133" classname="Main.PageObjectModelTest"/>
</testsuite> <!-- Main.PageObjectModelTest -->
